<?xml version="1.0" encoding="UTF-8"?>
<!-- Generated by org.testng.reporters.JUnitXMLReporter -->
<testsuite hostname="tamaraPC" ignored="0" name="Default test" tests="1" failures="0" timestamp="03 Feb 2018 04:58:07 GMT" time="0.041" errors="0">
  <testcase name="@BeforeTest beforeTest" time="0.0" classname="TestFrameWork_Test.BaseTestSetup">
    <failure type="org.testng.TestNGException" message="
Parameter &amp;apos;browser&amp;apos; is required by BeforeTest on method beforeTest but has not been marked @Optional or defined
in C:\Users\tamara\AppData\Local\Temp\testng-eclipse--1889598618\testng-customsuite.xml">
      <![CDATA[org.testng.TestNGException: Parameter 'browser' is required by BeforeTest on method beforeTest but has not been marked @Optional or definedin C:\Users\tamara\AppData\Local\Temp\testng-eclipse--1889598618\testng-customsuite.xmlat org.testng.internal.Parameters.createParams(Parameters.java:290)at org.testng.internal.Parameters.createParametersForMethod(Parameters.java:359)at org.testng.internal.Parameters.createParameters(Parameters.java:620)at org.testng.internal.Parameters.createConfigurationParameters(Parameters.java:190)at org.testng.internal.Invoker.invokeConfigurations(Invoker.java:209)at org.testng.internal.Invoker.invokeConfigurations(Invoker.java:142)at org.testng.TestRunner.beforeRun(TestRunner.java:529)at org.testng.TestRunner.run(TestRunner.java:497)at org.testng.SuiteRunner.runTest(SuiteRunner.java:455)at org.testng.SuiteRunner.runSequentially(SuiteRunner.java:450)at org.testng.SuiteRunner.privateRun(SuiteRunner.java:415)at org.testng.SuiteRunner.run(SuiteRunner.java:364)at org.testng.SuiteRunnerWorker.runSuite(SuiteRunnerWorker.java:52)at org.testng.SuiteRunnerWorker.run(SuiteRunnerWorker.java:84)at org.testng.TestNG.runSuitesSequentially(TestNG.java:1187)at org.testng.TestNG.runSuitesLocally(TestNG.java:1116)at org.testng.TestNG.runSuites(TestNG.java:1028)at org.testng.TestNG.run(TestNG.java:996)at org.testng.remote.AbstractRemoteTestNG.run(AbstractRemoteTestNG.java:114)at org.testng.remote.RemoteTestNG.initAndRun(RemoteTestNG.java:251)at org.testng.remote.RemoteTestNG.main(RemoteTestNG.java:77)]]>
    </failure>
  </testcase> <!-- @BeforeTest beforeTest -->
  <testcase name="@BeforeTest beforeTestDo" time="0.0" classname="TestFrameWork_Test.OrderTest">
    <skipped/>
  </testcase> <!-- @BeforeTest beforeTestDo -->
  <testcase name="@BeforeMethod beforeMethod" time="0.0" classname="TestFrameWork_Test.BaseTestSetup">
    <skipped/>
  </testcase> <!-- @BeforeMethod beforeMethod -->
  <testcase name="@AfterMethod afterMethod" time="0.0" classname="TestFrameWork_Test.BaseTestSetup">
    <skipped/>
  </testcase> <!-- @AfterMethod afterMethod -->
  <testcase name="@AfterClass afterClass" time="0.0" classname="TestFrameWork_Test.BaseTestSetup">
    <skipped/>
  </testcase> <!-- @AfterClass afterClass -->
  <testcase name="@AfterTest afterTest" time="0.0" classname="TestFrameWork_Test.BaseTestSetup">
    <skipped/>
  </testcase> <!-- @AfterTest afterTest -->
  <testcase name="placeOrder" time="0.0" classname="TestFrameWork_Test.OrderTest">
    <skipped/>
  </testcase> <!-- placeOrder -->
</testsuite> <!-- Default test -->
